<?xml version="1.0" encoding="UTF-8"?>
<testng-results ignored="0" total="3" passed="2" failed="1" skipped="0">
  <reporter-output>
  </reporter-output>
  <suite started-at="2022-01-05T06:51:01 EST" name="Suite" finished-at="2022-01-05T06:51:12 EST" duration-ms="10376">
    <groups>
    </groups>
    <test started-at="2022-01-05T06:51:01 EST" name="Page title validation" finished-at="2022-01-05T06:51:11 EST" duration-ms="9600">
      <class name="Framework_GroupID.BuildFramework.validateTitle">
        <test-method is-config="true" signature="intialize()[pri:0, instance:Framework_GroupID.BuildFramework.validateTitle@16423501]" started-at="2022-01-05T06:51:01 EST" name="intialize" finished-at="2022-01-05T06:51:10 EST" duration-ms="9140" status="PASS">
          <reporter-output>
          </reporter-output>
        </test-method> <!-- intialize -->
        <test-method signature="validateHomepageTitle()[pri:0, instance:Framework_GroupID.BuildFramework.validateTitle@16423501]" started-at="2022-01-05T06:51:10 EST" name="validateHomepageTitle" finished-at="2022-01-05T06:51:11 EST" duration-ms="80" status="FAIL">
          <exception class="java.lang.AssertionError">
            <message>
              <![CDATA[expected [1Peakbagger.com Home Page] but found [Peakbagger.com Home Page]]]>
            </message>
            <full-stacktrace>
              <![CDATA[java.lang.AssertionError: expected [1Peakbagger.com Home Page] but found [Peakbagger.com Home Page]
at org.testng.Assert.fail(Assert.java:99)
at org.testng.Assert.failNotEquals(Assert.java:1037)
at org.testng.Assert.assertEqualsImpl(Assert.java:140)
at org.testng.Assert.assertEquals(Assert.java:122)
at org.testng.Assert.assertEquals(Assert.java:629)
at org.testng.Assert.assertEquals(Assert.java:639)
at Framework_GroupID.BuildFramework.validateTitle.validateHomepageTitle(validateTitle.java:41)
at java.base/jdk.internal.reflect.NativeMethodAccessorImpl.invoke0(Native Method)
at java.base/jdk.internal.reflect.NativeMethodAccessorImpl.invoke(NativeMethodAccessorImpl.java:77)
at java.base/jdk.internal.reflect.DelegatingMethodAccessorImpl.invoke(DelegatingMethodAccessorImpl.java:43)
at java.base/java.lang.reflect.Method.invoke(Method.java:568)
at org.testng.internal.MethodInvocationHelper.invokeMethod(MethodInvocationHelper.java:133)
at org.testng.internal.TestInvoker.invokeMethod(TestInvoker.java:598)
at org.testng.internal.TestInvoker.invokeTestMethod(TestInvoker.java:173)
at org.testng.internal.MethodRunner.runInSequence(MethodRunner.java:46)
at org.testng.internal.TestInvoker$MethodInvocationAgent.invoke(TestInvoker.java:824)
at org.testng.internal.TestInvoker.invokeTestMethods(TestInvoker.java:146)
at org.testng.internal.TestMethodWorker.invokeTestMethods(TestMethodWorker.java:146)
at org.testng.internal.TestMethodWorker.run(TestMethodWorker.java:128)
at java.base/java.util.ArrayList.forEach(ArrayList.java:1511)
at org.testng.TestRunner.privateRun(TestRunner.java:794)
at org.testng.TestRunner.run(TestRunner.java:596)
at org.testng.SuiteRunner.runTest(SuiteRunner.java:377)
at org.testng.SuiteRunner.access$000(SuiteRunner.java:28)
at org.testng.SuiteRunner$SuiteWorker.run(SuiteRunner.java:418)
at org.testng.internal.thread.ThreadUtil.lambda$execute$0(ThreadUtil.java:64)
at java.base/java.util.concurrent.FutureTask.run(FutureTask.java:264)
at java.base/java.util.concurrent.ThreadPoolExecutor.runWorker(ThreadPoolExecutor.java:1136)
at java.base/java.util.concurrent.ThreadPoolExecutor$Worker.run(ThreadPoolExecutor.java:635)
at java.base/java.lang.Thread.run(Thread.java:833)
]]>
            </full-stacktrace>
          </exception> <!-- java.lang.AssertionError -->
          <reporter-output>
          </reporter-output>
        </test-method> <!-- validateHomepageTitle -->
        <test-method is-config="true" signature="tearDown()[pri:0, instance:Framework_GroupID.BuildFramework.validateTitle@16423501]" started-at="2022-01-05T06:51:11 EST" name="tearDown" finished-at="2022-01-05T06:51:11 EST" duration-ms="64" status="PASS">
          <reporter-output>
          </reporter-output>
        </test-method> <!-- tearDown -->
      </class> <!-- Framework_GroupID.BuildFramework.validateTitle -->
    </test> <!-- Page title validation -->
    <test started-at="2022-01-05T06:51:01 EST" name="Navigation bar validation" finished-at="2022-01-05T06:51:11 EST" duration-ms="9617">
      <class name="Framework_GroupID.BuildFramework.navigationBarValidate">
        <test-method is-config="true" signature="intialize()[pri:0, instance:Framework_GroupID.BuildFramework.navigationBarValidate@4e4efc1b]" started-at="2022-01-05T06:51:01 EST" name="intialize" finished-at="2022-01-05T06:51:10 EST" duration-ms="9066" status="PASS">
          <reporter-output>
          </reporter-output>
        </test-method> <!-- intialize -->
        <test-method signature="navigationMenuValidate()[pri:0, instance:Framework_GroupID.BuildFramework.navigationBarValidate@4e4efc1b]" started-at="2022-01-05T06:51:10 EST" name="navigationMenuValidate" finished-at="2022-01-05T06:51:11 EST" duration-ms="418" status="PASS">
          <reporter-output>
          </reporter-output>
        </test-method> <!-- navigationMenuValidate -->
        <test-method is-config="true" signature="tearDown()[pri:0, instance:Framework_GroupID.BuildFramework.navigationBarValidate@4e4efc1b]" started-at="2022-01-05T06:51:11 EST" name="tearDown" finished-at="2022-01-05T06:51:11 EST" duration-ms="91" status="PASS">
          <reporter-output>
          </reporter-output>
        </test-method> <!-- tearDown -->
      </class> <!-- Framework_GroupID.BuildFramework.navigationBarValidate -->
    </test> <!-- Navigation bar validation -->
    <test started-at="2022-01-05T06:51:01 EST" name="Homepage Validation" finished-at="2022-01-05T06:51:12 EST" duration-ms="10376">
      <class name="Framework_GroupID.BuildFramework.HomePage">
        <test-method is-config="true" signature="intialize()[pri:0, instance:Framework_GroupID.BuildFramework.HomePage@66ea1466]" started-at="2022-01-05T06:51:01 EST" name="intialize" finished-at="2022-01-05T06:51:11 EST" duration-ms="9291" status="PASS">
          <reporter-output>
          </reporter-output>
        </test-method> <!-- intialize -->
        <test-method signature="homePageNavigation(java.lang.String,java.lang.String)[pri:0, instance:Framework_GroupID.BuildFramework.HomePage@66ea1466]" started-at="2022-01-05T06:51:11 EST" name="homePageNavigation" data-provider="getData" finished-at="2022-01-05T06:51:12 EST" duration-ms="1028" status="PASS">
          <params>
            <param index="0">
              <value>
                <![CDATA[premkumar.h@gmail.com]]>
              </value>
            </param>
            <param index="1">
              <value>
                <![CDATA[Passw0rd]]>
              </value>
            </param>
          </params>
          <reporter-output>
          </reporter-output>
        </test-method> <!-- homePageNavigation -->
        <test-method is-config="true" signature="tearDown()[pri:0, instance:Framework_GroupID.BuildFramework.HomePage@66ea1466]" started-at="2022-01-05T06:51:12 EST" name="tearDown" finished-at="2022-01-05T06:51:12 EST" duration-ms="43" status="PASS">
          <reporter-output>
          </reporter-output>
        </test-method> <!-- tearDown -->
      </class> <!-- Framework_GroupID.BuildFramework.HomePage -->
    </test> <!-- Homepage Validation -->
  </suite> <!-- Suite -->
</testng-results>
